# JRE version: OpenJDK Runtime Environment Temurin-21.0.6+7 (21.0.6+7) (build 21.0.6+7-LTS)
# Java VM: OpenJDK 64-Bit Server VM Temurin-21.0.6+7 (21.0.6+7-LTS, mixed mode, sharing, tiered, compressed oops, compressed class ptrs, g1 gc, windows-amd64)
GC Precious Log:
 CardTable entry size: 512
 Card Set container configuration: InlinePtr #cards 5 size 8 Array Of Cards #cards 12 size 40 Howl #buckets 4 coarsen threshold 1843 Howl Bitmap #cards 512 size 80 coarsen threshold 460 Card regions per heap region 1 cards per card region 2048
 CPUs: 8 total, 8 available
 Memory: 7959M
 Large Page Support: Disabled
 NUMA Support: Disabled
 Compressed Oops: Enabled (32-bit)
 Heap Region Size: 1M
 Heap Min Capacity: 8M
 Heap Initial Capacity: 126M
 Heap Max Capacity: 1990M
 Pre-touch: Disabled
 Parallel Workers: 8
 Concurrent Workers: 2
 Concurrent Refinement Workers: 8
 Periodic GC: Disabled
Heap:
 garbage-first heap   total 119808K, used 61505K [0x0000000083a00000, 0x0000000100000000)
  region size 1024K, 3 young (3072K), 3 survivors (3072K)
 Metaspace       used 85175K, committed 86400K, reserved 1179648K
  class space    used 10668K, committed 11200K, reserved 1048576K
GC Heap History (20 events):
Event: 1755.484 GC heap after
{Heap after GC invocations=48 (full 3):
 garbage-first heap   total 112640K, used 34391K [0x0000000083a00000, 0x0000000100000000)
  region size 1024K, 4 young (4096K), 4 survivors (4096K)
 Metaspace       used 84004K, committed 84864K, reserved 1179648K
  class space    used 10688K, committed 11072K, reserved 1048576K
}
Event: 1756.164 GC heap before
{Heap before GC invocations=49 (full 3):
 garbage-first heap   total 112640K, used 84567K [0x0000000083a00000, 0x0000000100000000)
  region size 1024K, 52 young (53248K), 4 survivors (4096K)
 Metaspace       used 84479K, committed 85376K, reserved 1179648K
  class space    used 10708K, committed 11136K, reserved 1048576K
}
Event: 1756.171 GC heap after
{Heap after GC invocations=50 (full 3):
 garbage-first heap   total 112640K, used 40691K [0x0000000083a00000, 0x0000000100000000)
  region size 1024K, 7 young (7168K), 7 survivors (7168K)
 Metaspace       used 84479K, committed 85376K, reserved 1179648K
  class space    used 10708K, committed 11136K, reserved 1048576K
}
Event: 1756.275 GC heap before
{Heap before GC invocations=50 (full 3):
 garbage-first heap   total 112640K, used 88819K [0x0000000083a00000, 0x0000000100000000)
  region size 1024K, 53 young (54272K), 7 survivors (7168K)
 Metaspace       used 84486K, committed 85376K, reserved 1179648K
  class space    used 10708K, committed 11136K, reserved 1048576K
}
Event: 1756.286 GC heap after
{Heap after GC invocations=51 (full 3):
 garbage-first heap   total 112640K, used 52699K [0x0000000083a00000, 0x0000000100000000)
  region size 1024K, 7 young (7168K), 7 survivors (7168K)
 Metaspace       used 84486K, committed 85376K, reserved 1179648K
  class space    used 10708K, committed 11136K, reserved 1048576K
}
Event: 1756.380 GC heap before
{Heap before GC invocations=51 (full 3):
 garbage-first heap   total 112640K, used 80347K [0x0000000083a00000, 0x0000000100000000)
  region size 1024K, 36 young (36864K), 7 survivors (7168K)
 Metaspace       used 84490K, committed 85376K, reserved 1179648K
  class space    used 10708K, committed 11136K, reserved 1048576K
}
Event: 1756.383 GC heap after
{Heap after GC invocations=52 (full 3):
 garbage-first heap   total 112640K, used 49588K [0x0000000083a00000, 0x0000000100000000)
  region size 1024K, 1 young (1024K), 1 survivors (1024K)
 Metaspace       used 84490K, committed 85376K, reserved 1179648K
  class space    used 10708K, committed 11136K, reserved 1048576K
}
Event: 1756.470 GC heap before
{Heap before GC invocations=52 (full 3):
 garbage-first heap   total 112640K, used 92596K [0x0000000083a00000, 0x0000000100000000)
  region size 1024K, 42 young (43008K), 1 survivors (1024K)
 Metaspace       used 84493K, committed 85376K, reserved 1179648K
  class space    used 10708K, committed 11136K, reserved 1048576K
}
Event: 1756.472 GC heap after
{Heap after GC invocations=53 (full 3):
 garbage-first heap   total 112640K, used 49005K [0x0000000083a00000, 0x0000000100000000)
  region size 1024K, 1 young (1024K), 1 survivors (1024K)
 Metaspace       used 84493K, committed 85376K, reserved 1179648K
  class space    used 10708K, committed 11136K, reserved 1048576K
}
Event: 1756.785 GC heap before
{Heap before GC invocations=54 (full 3):
 garbage-first heap   total 112640K, used 94061K [0x0000000083a00000, 0x0000000100000000)
  region size 1024K, 44 young (45056K), 1 survivors (1024K)
 Metaspace       used 84497K, committed 85376K, reserved 1179648K
  class space    used 10708K, committed 11136K, reserved 1048576K
}
Event: 1756.787 GC heap after
{Heap after GC invocations=55 (full 3):
 garbage-first heap   total 112640K, used 48843K [0x0000000083a00000, 0x0000000100000000)
  region size 1024K, 1 young (1024K), 1 survivors (1024K)
 Metaspace       used 84497K, committed 85376K, reserved 1179648K
  class space    used 10708K, committed 11136K, reserved 1048576K
}
Event: 2165.741 GC heap before
{Heap before GC invocations=55 (full 3):
 garbage-first heap   total 112640K, used 75467K [0x0000000083a00000, 0x0000000100000000)
  region size 1024K, 29 young (29696K), 1 survivors (1024K)
 Metaspace       used 84886K, committed 85824K, reserved 1179648K
  class space    used 10732K, committed 11136K, reserved 1048576K
}
Event: 2165.788 GC heap after
{Heap after GC invocations=56 (full 4):
 garbage-first heap   total 112640K, used 31562K [0x0000000083a00000, 0x0000000100000000)
  region size 1024K, 0 young (0K), 0 survivors (0K)
 Metaspace       used 84884K, committed 85824K, reserved 1179648K
  class space    used 10732K, committed 11136K, reserved 1048576K
}
Event: 2166.716 GC heap before
{Heap before GC invocations=56 (full 4):
 garbage-first heap   total 112640K, used 93002K [0x0000000083a00000, 0x0000000100000000)
  region size 1024K, 60 young (61440K), 0 survivors (0K)
 Metaspace       used 85219K, committed 86144K, reserved 1179648K
  class space    used 10754K, committed 11200K, reserved 1048576K
}
Event: 2166.719 GC heap after
{Heap after GC invocations=57 (full 4):
 garbage-first heap   total 112640K, used 35987K [0x0000000083a00000, 0x0000000100000000)
  region size 1024K, 5 young (5120K), 5 survivors (5120K)
 Metaspace       used 85219K, committed 86144K, reserved 1179648K
  class space    used 10754K, committed 11200K, reserved 1048576K
}
Event: 2167.118 GC heap before
{Heap before GC invocations=58 (full 4):
 garbage-first heap   total 112640K, used 94355K [0x0000000083a00000, 0x0000000100000000)
  region size 1024K, 61 young (62464K), 5 survivors (5120K)
 Metaspace       used 85167K, committed 86400K, reserved 1179648K
  class space    used 10668K, committed 11200K, reserved 1048576K
}
Event: 2167.127 GC heap after
{Heap after GC invocations=59 (full 4):
 garbage-first heap   total 112640K, used 44707K [0x0000000083a00000, 0x0000000100000000)
  region size 1024K, 8 young (8192K), 8 survivors (8192K)
 Metaspace       used 85167K, committed 86400K, reserved 1179648K
  class space    used 10668K, committed 11200K, reserved 1048576K
}
Event: 2167.206 GC heap before
{Heap before GC invocations=59 (full 4):
 garbage-first heap   total 112640K, used 93859K [0x0000000083a00000, 0x0000000100000000)
  region size 1024K, 55 young (56320K), 8 survivors (8192K)
 Metaspace       used 85175K, committed 86400K, reserved 1179648K
  class space    used 10668K, committed 11200K, reserved 1048576K
}
Event: 2167.219 GC heap after
{Heap after GC invocations=60 (full 4):
 garbage-first heap   total 119808K, used 57906K [0x0000000083a00000, 0x0000000100000000)
  region size 1024K, 7 young (7168K), 7 survivors (7168K)
 Metaspace       used 85175K, committed 86400K, reserved 1179648K
  class space    used 10668K, committed 11200K, reserved 1048576K
}
Event: 2167.247 GC heap before
{Heap before GC invocations=60 (full 4):
 garbage-first heap   total 119808K, used 65074K [0x0000000083a00000, 0x0000000100000000)
  region size 1024K, 15 young (15360K), 7 survivors (7168K)
 Metaspace       used 85175K, committed 86400K, reserved 1179648K
  class space    used 10668K, committed 11200K, reserved 1048576K
}

