# JRE version: OpenJDK Runtime Environment Temurin-21.0.6+7 (21.0.6+7) (build 21.0.6+7-LTS)
# Java VM: OpenJDK 64-Bit Server VM Temurin-21.0.6+7 (21.0.6+7-LTS, mixed mode, sharing, tiered, compressed oops, compressed class ptrs, g1 gc, windows-amd64)
GC Precious Log:
 CardTable entry size: 512
 Card Set container configuration: InlinePtr #cards 5 size 8 Array Of Cards #cards 12 size 40 Howl #buckets 4 coarsen threshold 1843 Howl Bitmap #cards 512 size 80 coarsen threshold 460 Card regions per heap region 1 cards per card region 2048
 CPUs: 8 total, 8 available
 Memory: 7959M
 Large Page Support: Disabled
 NUMA Support: Disabled
 Compressed Oops: Enabled (32-bit)
 Heap Region Size: 1M
 Heap Min Capacity: 8M
 Heap Initial Capacity: 126M
 Heap Max Capacity: 1990M
 Pre-touch: Disabled
 Parallel Workers: 8
 Concurrent Workers: 2
 Concurrent Refinement Workers: 8
 Periodic GC: Disabled
Heap:
 garbage-first heap   total 116736K, used 65252K [0x0000000083a00000, 0x0000000100000000)
  region size 1024K, 25 young (25600K), 7 survivors (7168K)
 Metaspace       used 93818K, committed 94720K, reserved 1179648K
  class space    used 12021K, committed 12416K, reserved 1048576K
GC Heap History (20 events):
Event: 2608.464 GC heap before
{Heap before GC invocations=38 (full 1):
 garbage-first heap   total 116736K, used 100953K [0x0000000083a00000, 0x0000000100000000)
  region size 1024K, 45 young (46080K), 2 survivors (2048K)
 Metaspace       used 91045K, committed 91904K, reserved 1179648K
  class space    used 11844K, committed 12288K, reserved 1048576K
}
Event: 2608.466 GC heap after
{Heap after GC invocations=39 (full 1):
 garbage-first heap   total 116736K, used 55629K [0x0000000083a00000, 0x0000000100000000)
  region size 1024K, 1 young (1024K), 1 survivors (1024K)
 Metaspace       used 91045K, committed 91904K, reserved 1179648K
  class space    used 11844K, committed 12288K, reserved 1048576K
}
Event: 2608.482 GC heap before
{Heap before GC invocations=39 (full 1):
 garbage-first heap   total 116736K, used 57677K [0x0000000083a00000, 0x0000000100000000)
  region size 1024K, 4 young (4096K), 1 survivors (1024K)
 Metaspace       used 91045K, committed 91904K, reserved 1179648K
  class space    used 11844K, committed 12288K, reserved 1048576K
}
Event: 2608.484 GC heap after
{Heap after GC invocations=40 (full 1):
 garbage-first heap   total 116736K, used 56229K [0x0000000083a00000, 0x0000000100000000)
  region size 1024K, 2 young (2048K), 2 survivors (2048K)
 Metaspace       used 91045K, committed 91904K, reserved 1179648K
  class space    used 11844K, committed 12288K, reserved 1048576K
}
Event: 2608.810 GC heap before
{Heap before GC invocations=41 (full 1):
 garbage-first heap   total 116736K, used 97189K [0x0000000083a00000, 0x0000000100000000)
  region size 1024K, 43 young (44032K), 2 survivors (2048K)
 Metaspace       used 91157K, committed 92096K, reserved 1179648K
  class space    used 11864K, committed 12288K, reserved 1048576K
}
Event: 2608.814 GC heap after
{Heap after GC invocations=42 (full 1):
 garbage-first heap   total 116736K, used 53838K [0x0000000083a00000, 0x0000000100000000)
  region size 1024K, 1 young (1024K), 1 survivors (1024K)
 Metaspace       used 91157K, committed 92096K, reserved 1179648K
  class space    used 11864K, committed 12288K, reserved 1048576K
}
Event: 2876.660 GC heap before
{Heap before GC invocations=42 (full 1):
 garbage-first heap   total 116736K, used 100942K [0x0000000083a00000, 0x0000000100000000)
  region size 1024K, 47 young (48128K), 1 survivors (1024K)
 Metaspace       used 91389K, committed 92288K, reserved 1179648K
  class space    used 11880K, committed 12288K, reserved 1048576K
}
Event: 2876.665 GC heap after
{Heap after GC invocations=43 (full 1):
 garbage-first heap   total 116736K, used 47041K [0x0000000083a00000, 0x0000000100000000)
  region size 1024K, 2 young (2048K), 2 survivors (2048K)
 Metaspace       used 91389K, committed 92288K, reserved 1179648K
  class space    used 11880K, committed 12288K, reserved 1048576K
}
Event: 3286.777 GC heap before
{Heap before GC invocations=43 (full 1):
 garbage-first heap   total 116736K, used 100289K [0x0000000083a00000, 0x0000000100000000)
  region size 1024K, 54 young (55296K), 2 survivors (2048K)
 Metaspace       used 91389K, committed 92288K, reserved 1179648K
  class space    used 11880K, committed 12288K, reserved 1048576K
}
Event: 3286.782 GC heap after
{Heap after GC invocations=44 (full 1):
 garbage-first heap   total 116736K, used 47094K [0x0000000083a00000, 0x0000000100000000)
  region size 1024K, 2 young (2048K), 2 survivors (2048K)
 Metaspace       used 91389K, committed 92288K, reserved 1179648K
  class space    used 11880K, committed 12288K, reserved 1048576K
}
Event: 3611.052 GC heap before
{Heap before GC invocations=45 (full 1):
 garbage-first heap   total 116736K, used 90102K [0x0000000083a00000, 0x0000000100000000)
  region size 1024K, 45 young (46080K), 2 survivors (2048K)
 Metaspace       used 91302K, committed 92288K, reserved 1179648K
  class space    used 11856K, committed 12288K, reserved 1048576K
}
Event: 3611.147 GC heap after
{Heap after GC invocations=46 (full 2):
 garbage-first heap   total 116736K, used 33860K [0x0000000083a00000, 0x0000000100000000)
  region size 1024K, 0 young (0K), 0 survivors (0K)
 Metaspace       used 91302K, committed 92288K, reserved 1179648K
  class space    used 11856K, committed 12288K, reserved 1048576K
}
Event: 3613.422 GC heap before
{Heap before GC invocations=46 (full 2):
 garbage-first heap   total 116736K, used 100420K [0x0000000083a00000, 0x0000000100000000)
  region size 1024K, 65 young (66560K), 0 survivors (0K)
 Metaspace       used 91630K, committed 92480K, reserved 1179648K
  class space    used 11894K, committed 12288K, reserved 1048576K
}
Event: 3613.430 GC heap after
{Heap after GC invocations=47 (full 2):
 garbage-first heap   total 116736K, used 38951K [0x0000000083a00000, 0x0000000100000000)
  region size 1024K, 5 young (5120K), 5 survivors (5120K)
 Metaspace       used 91630K, committed 92480K, reserved 1179648K
  class space    used 11894K, committed 12288K, reserved 1048576K
}
Event: 3617.076 GC heap before
{Heap before GC invocations=48 (full 2):
 garbage-first heap   total 116736K, used 99367K [0x0000000083a00000, 0x0000000100000000)
  region size 1024K, 65 young (66560K), 5 survivors (5120K)
 Metaspace       used 92267K, committed 93120K, reserved 1179648K
  class space    used 11936K, committed 12352K, reserved 1048576K
}
Event: 3617.090 GC heap after
{Heap after GC invocations=49 (full 2):
 garbage-first heap   total 116736K, used 42665K [0x0000000083a00000, 0x0000000100000000)
  region size 1024K, 5 young (5120K), 5 survivors (5120K)
 Metaspace       used 92267K, committed 93120K, reserved 1179648K
  class space    used 11936K, committed 12352K, reserved 1048576K
}
Event: 3620.368 GC heap before
{Heap before GC invocations=49 (full 2):
 garbage-first heap   total 116736K, used 100009K [0x0000000083a00000, 0x0000000100000000)
  region size 1024K, 61 young (62464K), 5 survivors (5120K)
 Metaspace       used 92930K, committed 93888K, reserved 1179648K
  class space    used 11967K, committed 12416K, reserved 1048576K
}
Event: 3620.377 GC heap after
{Heap after GC invocations=50 (full 2):
 garbage-first heap   total 116736K, used 45174K [0x0000000083a00000, 0x0000000100000000)
  region size 1024K, 4 young (4096K), 4 survivors (4096K)
 Metaspace       used 92930K, committed 93888K, reserved 1179648K
  class space    used 11967K, committed 12416K, reserved 1048576K
}
Event: 3621.351 GC heap before
{Heap before GC invocations=50 (full 2):
 garbage-first heap   total 116736K, used 100470K [0x0000000083a00000, 0x0000000100000000)
  region size 1024K, 59 young (60416K), 4 survivors (4096K)
 Metaspace       used 93342K, committed 94208K, reserved 1179648K
  class space    used 11999K, committed 12416K, reserved 1048576K
}
Event: 3621.357 GC heap after
{Heap after GC invocations=51 (full 2):
 garbage-first heap   total 116736K, used 47844K [0x0000000083a00000, 0x0000000100000000)
  region size 1024K, 7 young (7168K), 7 survivors (7168K)
 Metaspace       used 93342K, committed 94208K, reserved 1179648K
  class space    used 11999K, committed 12416K, reserved 1048576K
}

