# JRE version: OpenJDK Runtime Environment Temurin-21.0.6+7 (21.0.6+7) (build 21.0.6+7-LTS)
# Java VM: OpenJDK 64-Bit Server VM Temurin-21.0.6+7 (21.0.6+7-LTS, mixed mode, sharing, tiered, compressed oops, compressed class ptrs, g1 gc, windows-amd64)
GC Precious Log:
 CardTable entry size: 512
 Card Set container configuration: InlinePtr #cards 5 size 8 Array Of Cards #cards 12 size 40 Howl #buckets 4 coarsen threshold 1843 Howl Bitmap #cards 512 size 80 coarsen threshold 460 Card regions per heap region 1 cards per card region 2048
 CPUs: 8 total, 8 available
 Memory: 7959M
 Large Page Support: Disabled
 NUMA Support: Disabled
 Compressed Oops: Enabled (32-bit)
 Heap Region Size: 1M
 Heap Min Capacity: 8M
 Heap Initial Capacity: 126M
 Heap Max Capacity: 1990M
 Pre-touch: Disabled
 Parallel Workers: 8
 Concurrent Workers: 2
 Concurrent Refinement Workers: 8
 Periodic GC: Disabled
Heap:
 garbage-first heap   total 130048K, used 53876K [0x0000000083a00000, 0x0000000100000000)
  region size 1024K, 21 young (21504K), 7 survivors (7168K)
 Metaspace       used 90705K, committed 91648K, reserved 1179648K
  class space    used 11875K, committed 12288K, reserved 1048576K
GC Heap History (20 events):
Event: 13.281 GC heap before
{Heap before GC invocations=35 (full 0):
 garbage-first heap   total 149504K, used 122154K [0x0000000083a00000, 0x0000000100000000)
  region size 1024K, 67 young (68608K), 9 survivors (9216K)
 Metaspace       used 83452K, committed 84288K, reserved 1179648K
  class space    used 11151K, committed 11520K, reserved 1048576K
}
Event: 13.289 GC heap after
{Heap after GC invocations=36 (full 0):
 garbage-first heap   total 149504K, used 61824K [0x0000000083a00000, 0x0000000100000000)
  region size 1024K, 4 young (4096K), 4 survivors (4096K)
 Metaspace       used 83452K, committed 84288K, reserved 1179648K
  class space    used 11151K, committed 11520K, reserved 1048576K
}
Event: 719.325 GC heap before
{Heap before GC invocations=36 (full 0):
 garbage-first heap   total 149504K, used 122240K [0x0000000083a00000, 0x0000000100000000)
  region size 1024K, 64 young (65536K), 4 survivors (4096K)
 Metaspace       used 87729K, committed 88576K, reserved 1179648K
  class space    used 11694K, committed 12096K, reserved 1048576K
}
Event: 719.329 GC heap after
{Heap after GC invocations=37 (full 0):
 garbage-first heap   total 149504K, used 62004K [0x0000000083a00000, 0x0000000100000000)
  region size 1024K, 4 young (4096K), 4 survivors (4096K)
 Metaspace       used 87729K, committed 88576K, reserved 1179648K
  class space    used 11694K, committed 12096K, reserved 1048576K
}
Event: 719.372 GC heap before
{Heap before GC invocations=37 (full 0):
 garbage-first heap   total 149504K, used 62004K [0x0000000083a00000, 0x0000000100000000)
  region size 1024K, 5 young (5120K), 4 survivors (4096K)
 Metaspace       used 87799K, committed 88704K, reserved 1179648K
  class space    used 11707K, committed 12096K, reserved 1048576K
}
Event: 719.434 GC heap after
{Heap after GC invocations=38 (full 1):
 garbage-first heap   total 126976K, used 34620K [0x0000000083a00000, 0x0000000100000000)
  region size 1024K, 0 young (0K), 0 survivors (0K)
 Metaspace       used 87799K, committed 88704K, reserved 1179648K
  class space    used 11707K, committed 12096K, reserved 1048576K
}
Event: 721.221 GC heap before
{Heap before GC invocations=38 (full 1):
 garbage-first heap   total 126976K, used 98108K [0x0000000083a00000, 0x0000000100000000)
  region size 1024K, 63 young (64512K), 0 survivors (0K)
 Metaspace       used 88536K, committed 89536K, reserved 1179648K
  class space    used 11736K, committed 12160K, reserved 1048576K
}
Event: 721.226 GC heap after
{Heap after GC invocations=39 (full 1):
 garbage-first heap   total 126976K, used 39725K [0x0000000083a00000, 0x0000000100000000)
  region size 1024K, 5 young (5120K), 5 survivors (5120K)
 Metaspace       used 88536K, committed 89536K, reserved 1179648K
  class space    used 11736K, committed 12160K, reserved 1048576K
}
Event: 722.123 GC heap before
{Heap before GC invocations=39 (full 1):
 garbage-first heap   total 126976K, used 80685K [0x0000000083a00000, 0x0000000100000000)
  region size 1024K, 46 young (47104K), 5 survivors (5120K)
 Metaspace       used 89520K, committed 90432K, reserved 1179648K
  class space    used 11774K, committed 12224K, reserved 1048576K
}
Event: 722.129 GC heap after
{Heap after GC invocations=40 (full 1):
 garbage-first heap   total 126976K, used 42771K [0x0000000083a00000, 0x0000000100000000)
  region size 1024K, 4 young (4096K), 4 survivors (4096K)
 Metaspace       used 89520K, committed 90432K, reserved 1179648K
  class space    used 11774K, committed 12224K, reserved 1048576K
}
Event: 722.412 GC heap before
{Heap before GC invocations=41 (full 1):
 garbage-first heap   total 126976K, used 108307K [0x0000000083a00000, 0x0000000100000000)
  region size 1024K, 66 young (67584K), 4 survivors (4096K)
 Metaspace       used 89562K, committed 90560K, reserved 1179648K
  class space    used 11775K, committed 12224K, reserved 1048576K
}
Event: 722.418 GC heap after
{Heap after GC invocations=42 (full 1):
 garbage-first heap   total 126976K, used 47166K [0x0000000083a00000, 0x0000000100000000)
  region size 1024K, 8 young (8192K), 8 survivors (8192K)
 Metaspace       used 89562K, committed 90560K, reserved 1179648K
  class space    used 11775K, committed 12224K, reserved 1048576K
}
Event: 722.574 GC heap before
{Heap before GC invocations=42 (full 1):
 garbage-first heap   total 126976K, used 108606K [0x0000000083a00000, 0x0000000100000000)
  region size 1024K, 67 young (68608K), 8 survivors (8192K)
 Metaspace       used 89572K, committed 90560K, reserved 1179648K
  class space    used 11775K, committed 12224K, reserved 1048576K
}
Event: 722.582 GC heap after
{Heap after GC invocations=43 (full 1):
 garbage-first heap   total 126976K, used 51326K [0x0000000083a00000, 0x0000000100000000)
  region size 1024K, 9 young (9216K), 9 survivors (9216K)
 Metaspace       used 89572K, committed 90560K, reserved 1179648K
  class space    used 11775K, committed 12224K, reserved 1048576K
}
Event: 722.641 GC heap before
{Heap before GC invocations=43 (full 1):
 garbage-first heap   total 126976K, used 61566K [0x0000000083a00000, 0x0000000100000000)
  region size 1024K, 21 young (21504K), 9 survivors (9216K)
 Metaspace       used 89588K, committed 90560K, reserved 1179648K
  class space    used 11775K, committed 12224K, reserved 1048576K
}
Event: 722.647 GC heap after
{Heap after GC invocations=44 (full 1):
 garbage-first heap   total 296960K, used 44891K [0x0000000083a00000, 0x0000000100000000)
  region size 1024K, 2 young (2048K), 2 survivors (2048K)
 Metaspace       used 89588K, committed 90560K, reserved 1179648K
  class space    used 11775K, committed 12224K, reserved 1048576K
}
Event: 772.859 GC heap before
{Heap before GC invocations=44 (full 1):
 garbage-first heap   total 296960K, used 104283K [0x0000000083a00000, 0x0000000100000000)
  region size 1024K, 60 young (61440K), 2 survivors (2048K)
 Metaspace       used 89915K, committed 90816K, reserved 1179648K
  class space    used 11802K, committed 12224K, reserved 1048576K
}
Event: 772.958 GC heap after
{Heap after GC invocations=45 (full 2):
 garbage-first heap   total 130048K, used 34326K [0x0000000083a00000, 0x0000000100000000)
  region size 1024K, 0 young (0K), 0 survivors (0K)
 Metaspace       used 89905K, committed 90816K, reserved 1179648K
  class space    used 11801K, committed 12224K, reserved 1048576K
}
Event: 780.080 GC heap before
{Heap before GC invocations=45 (full 2):
 garbage-first heap   total 130048K, used 104982K [0x0000000083a00000, 0x0000000100000000)
  region size 1024K, 70 young (71680K), 0 survivors (0K)
 Metaspace       used 90556K, committed 91520K, reserved 1179648K
  class space    used 11866K, committed 12288K, reserved 1048576K
}
Event: 780.087 GC heap after
{Heap after GC invocations=46 (full 2):
 garbage-first heap   total 130048K, used 40564K [0x0000000083a00000, 0x0000000100000000)
  region size 1024K, 7 young (7168K), 7 survivors (7168K)
 Metaspace       used 90556K, committed 91520K, reserved 1179648K
  class space    used 11866K, committed 12288K, reserved 1048576K
}

